{
  "stats": {
    "suites": 2,
    "tests": 2,
    "passes": 0,
    "pending": 0,
    "failures": 2,
    "start": "2022-02-12T10:02:29.677Z",
    "end": "2022-02-12T10:02:29.684Z",
    "duration": 7,
    "testsRegistered": 2,
    "passPercent": 0,
    "pendingPercent": 0,
    "other": 0,
    "hasOther": false,
    "skipped": 0,
    "hasSkipped": false
  },
  "results": [
    {
      "uuid": "7bb015b4-04ef-4089-9e04-7341606a2a06",
      "title": "",
      "fullFile": "",
      "file": "",
      "beforeHooks": [],
      "afterHooks": [],
      "tests": [],
      "suites": [
        {
          "uuid": "87263e00-c203-491c-9271-5482ada71d6a",
          "title": "test 1 ordena noms",
          "fullFile": "/home/knna/examenPPS/PPS_examen_js/test/examen.spec.js",
          "file": "/test/examen.spec.js",
          "beforeHooks": [],
          "afterHooks": [],
          "tests": [
            {
              "title": "case 01",
              "fullTitle": "test 1 ordena noms case 01",
              "timedOut": false,
              "duration": 3,
              "state": "failed",
              "speed": null,
              "pass": false,
              "fail": true,
              "pending": false,
              "context": null,
              "code": "expect(o1.ordena_noms(students)).to.eql(ordenaNoms);",
              "err": {
                "message": "AssertionError: expected undefined to deeply equal [ { alumne: 'Juan Gris', …(1) }, …(5) ]",
                "estack": "AssertionError: expected undefined to deeply equal [ { alumne: 'Juan Gris', …(1) }, …(5) ]\n    at Context.it (test/examen.spec.js:40:41)",
                "diff": null
              },
              "uuid": "ef2727bf-cb2c-4879-9751-609d2f2415fa",
              "parentUUID": "87263e00-c203-491c-9271-5482ada71d6a",
              "isHook": false,
              "skipped": false
            }
          ],
          "suites": [],
          "passes": [],
          "failures": [
            "ef2727bf-cb2c-4879-9751-609d2f2415fa"
          ],
          "pending": [],
          "skipped": [],
          "duration": 3,
          "root": false,
          "rootEmpty": false,
          "_timeout": 2000
        },
        {
          "uuid": "a594dfc0-f7d7-40e5-bf76-7d55d380b418",
          "title": "Test 2 ordena dates",
          "fullFile": "/home/knna/examenPPS/PPS_examen_js/test/examen.spec.js",
          "file": "/test/examen.spec.js",
          "beforeHooks": [],
          "afterHooks": [],
          "tests": [
            {
              "title": "case 02",
              "fullTitle": "Test 2 ordena dates case 02",
              "timedOut": false,
              "duration": 1,
              "state": "failed",
              "speed": null,
              "pass": false,
              "fail": true,
              "pending": false,
              "context": null,
              "code": "expect(o2.ordena_dates(students)).to.eql(ordenaDates);",
              "err": {
                "message": "AssertionError: expected undefined to deeply equal [ Array(6) ]",
                "estack": "AssertionError: expected undefined to deeply equal [ Array(6) ]\n    at Context.it (test/examen.spec.js:46:42)",
                "diff": null
              },
              "uuid": "09026d97-3034-4b22-986e-58466227424b",
              "parentUUID": "a594dfc0-f7d7-40e5-bf76-7d55d380b418",
              "isHook": false,
              "skipped": false
            }
          ],
          "suites": [],
          "passes": [],
          "failures": [
            "09026d97-3034-4b22-986e-58466227424b"
          ],
          "pending": [],
          "skipped": [],
          "duration": 1,
          "root": false,
          "rootEmpty": false,
          "_timeout": 2000
        }
      ],
      "passes": [],
      "failures": [],
      "pending": [],
      "skipped": [],
      "duration": 0,
      "root": true,
      "rootEmpty": true,
      "_timeout": 2000
    }
  ],
  "meta": {
    "mocha": {
      "version": "9.2.0"
    },
    "mochawesome": {
      "options": {
        "quiet": false,
        "reportFilename": "mochawesome",
        "saveHtml": true,
        "saveJson": true,
        "consoleReporter": "spec",
        "useInlineDiffs": false,
        "code": true
      },
      "version": "7.0.1"
    },
    "marge": {
      "options": null,
      "version": "6.0.1"
    }
  }
}