{
  "stats": {
    "suites": 2,
    "tests": 2,
    "passes": 2,
    "pending": 0,
    "failures": 0,
    "start": "2022-02-12T09:53:31.973Z",
    "end": "2022-02-12T09:53:31.985Z",
    "duration": 12,
    "testsRegistered": 2,
    "passPercent": 100,
    "pendingPercent": 0,
    "other": 0,
    "hasOther": false,
    "skipped": 0,
    "hasSkipped": false
  },
  "results": [
    {
      "uuid": "c292765a-26a4-4df6-8b1f-cb8902d97bf9",
      "title": "",
      "fullFile": "",
      "file": "",
      "beforeHooks": [],
      "afterHooks": [],
      "tests": [],
      "suites": [
        {
          "uuid": "5754cb03-a80e-4e42-9e10-fe934b99be54",
          "title": "test 1 ordena noms",
          "fullFile": "/home/knna/examenPPS/PPS_examen_js/test/examen.spec.js",
          "file": "/test/examen.spec.js",
          "beforeHooks": [],
          "afterHooks": [],
          "tests": [
            {
              "title": "case 01",
              "fullTitle": "test 1 ordena noms case 01",
              "timedOut": false,
              "duration": 2,
              "state": "passed",
              "speed": "fast",
              "pass": true,
              "fail": false,
              "pending": false,
              "context": null,
              "code": "expect(o1.ordena_noms(students)).to.eql(ordenaNoms);",
              "err": {},
              "uuid": "bab27f87-8e5c-4ff8-b67a-2812e229208b",
              "parentUUID": "5754cb03-a80e-4e42-9e10-fe934b99be54",
              "isHook": false,
              "skipped": false
            }
          ],
          "suites": [],
          "passes": [
            "bab27f87-8e5c-4ff8-b67a-2812e229208b"
          ],
          "failures": [],
          "pending": [],
          "skipped": [],
          "duration": 2,
          "root": false,
          "rootEmpty": false,
          "_timeout": 2000
        },
        {
          "uuid": "6dcfed94-20d1-4db2-b5dc-1754109e79df",
          "title": "Test 2 ordena dates",
          "fullFile": "/home/knna/examenPPS/PPS_examen_js/test/examen.spec.js",
          "file": "/test/examen.spec.js",
          "beforeHooks": [],
          "afterHooks": [],
          "tests": [
            {
              "title": "case 02",
              "fullTitle": "Test 2 ordena dates case 02",
              "timedOut": false,
              "duration": 4,
              "state": "passed",
              "speed": "fast",
              "pass": true,
              "fail": false,
              "pending": false,
              "context": null,
              "code": "expect(o2.ordena_dates(students)).to.eql(ordenaDates);",
              "err": {},
              "uuid": "31f40b52-5db9-493d-acd4-f7c0a63c4deb",
              "parentUUID": "6dcfed94-20d1-4db2-b5dc-1754109e79df",
              "isHook": false,
              "skipped": false
            }
          ],
          "suites": [],
          "passes": [
            "31f40b52-5db9-493d-acd4-f7c0a63c4deb"
          ],
          "failures": [],
          "pending": [],
          "skipped": [],
          "duration": 4,
          "root": false,
          "rootEmpty": false,
          "_timeout": 2000
        }
      ],
      "passes": [],
      "failures": [],
      "pending": [],
      "skipped": [],
      "duration": 0,
      "root": true,
      "rootEmpty": true,
      "_timeout": 2000
    }
  ],
  "meta": {
    "mocha": {
      "version": "9.2.0"
    },
    "mochawesome": {
      "options": {
        "quiet": false,
        "reportFilename": "mochawesome",
        "saveHtml": true,
        "saveJson": true,
        "consoleReporter": "spec",
        "useInlineDiffs": false,
        "code": true
      },
      "version": "7.0.1"
    },
    "marge": {
      "options": null,
      "version": "6.0.1"
    }
  }
}